{"/Users/isalu/faculdade/estudos/api-nodejs/src/app.ts": {"path":"/Users/isalu/faculdade/estudos/api-nodejs/src/app.ts","statementMap":{"0":{"start":{"line":11,"column":6},"end":{"line":21,"column":null}},"1":{"start":{"line":23,"column":0},"end":{"line":39,"column":null}},"2":{"start":{"line":25,"column":4},"end":{"line":33,"column":null}},"3":{"start":{"line":35,"column":4},"end":{"line":37,"column":null}},"4":{"start":{"line":41,"column":0},"end":{"line":41,"column":null}},"5":{"start":{"line":42,"column":0},"end":{"line":42,"column":null}},"6":{"start":{"line":46,"column":0},"end":{"line":46,"column":null}},"7":{"start":{"line":47,"column":0},"end":{"line":47,"column":null}},"8":{"start":{"line":48,"column":0},"end":{"line":48,"column":null}},"9":{"start":{"line":49,"column":0},"end":{"line":49,"column":null}}},"fnMap":{},"branchMap":{"0":{"loc":{"start":{"line":23,"column":0},"end":{"line":39,"column":null}},"type":"if","locations":[{"start":{"line":23,"column":0},"end":{"line":39,"column":null}},{"start":{},"end":{}}],"line":23}},"s":{"0":4,"1":4,"2":0,"3":0,"4":4,"5":4,"6":4,"7":4,"8":4,"9":4},"f":{},"b":{"0":[0,4]},"meta":{"lastBranch":1,"lastFunction":0,"lastStatement":10,"seen":{"s:11:6:21:Infinity":0,"b:23:0:39:Infinity:undefined:undefined:undefined:undefined":0,"s:23:0:39:Infinity":1,"s:25:4:33:Infinity":2,"s:35:4:37:Infinity":3,"s:41:0:41:Infinity":4,"s:42:0:42:Infinity":5,"s:46:0:46:Infinity":6,"s:47:0:47:Infinity":7,"s:48:0:48:Infinity":8,"s:49:0:49:Infinity":9}}}
,"/Users/isalu/faculdade/estudos/api-nodejs/src/database/client.ts": {"path":"/Users/isalu/faculdade/estudos/api-nodejs/src/database/client.ts","statementMap":{"0":{"start":{"line":3,"column":13},"end":{"line":5,"column":null}}},"fnMap":{},"branchMap":{},"s":{"0":4},"f":{},"b":{},"meta":{"lastBranch":0,"lastFunction":0,"lastStatement":1,"seen":{"s:3:13:5:Infinity":0}}}
,"/Users/isalu/faculdade/estudos/api-nodejs/src/database/schema.ts": {"path":"/Users/isalu/faculdade/estudos/api-nodejs/src/database/schema.ts","statementMap":{"0":{"start":{"line":5,"column":13},"end":{"line":8,"column":null}},"1":{"start":{"line":10,"column":13},"end":{"line":16,"column":null}},"2":{"start":{"line":18,"column":13},"end":{"line":23,"column":null}},"3":{"start":{"line":25,"column":13},"end":{"line":32,"column":null}},"4":{"start":{"line":27,"column":46},"end":{"line":27,"column":54}},"5":{"start":{"line":28,"column":48},"end":{"line":28,"column":58}},"6":{"start":{"line":30,"column":12},"end":{"line":32,"column":1}}},"fnMap":{"0":{"name":"(anonymous_0)","decl":{"start":{"line":27,"column":40},"end":{"line":27,"column":46}},"loc":{"start":{"line":27,"column":46},"end":{"line":27,"column":54}},"line":27},"1":{"name":"(anonymous_1)","decl":{"start":{"line":28,"column":42},"end":{"line":28,"column":48}},"loc":{"start":{"line":28,"column":48},"end":{"line":28,"column":58}},"line":28},"2":{"name":"(anonymous_2)","decl":{"start":{"line":30,"column":3},"end":{"line":30,"column":12}},"loc":{"start":{"line":30,"column":12},"end":{"line":32,"column":1}},"line":30}},"branchMap":{},"s":{"0":4,"1":4,"2":4,"3":4,"4":0,"5":0,"6":0},"f":{"0":0,"1":0,"2":0},"b":{},"meta":{"lastBranch":0,"lastFunction":3,"lastStatement":7,"seen":{"s:5:13:8:Infinity":0,"s:10:13:16:Infinity":1,"s:18:13:23:Infinity":2,"s:25:13:32:Infinity":3,"f:27:40:27:46":0,"s:27:46:27:54":4,"f:28:42:28:48":1,"s:28:48:28:58":5,"f:30:3:30:12":2,"s:30:12:32:1":6}}}
,"/Users/isalu/faculdade/estudos/api-nodejs/src/routes/create-course.ts": {"path":"/Users/isalu/faculdade/estudos/api-nodejs/src/routes/create-course.ts","statementMap":{"0":{"start":{"line":8,"column":56},"end":{"line":41,"column":null}},"1":{"start":{"line":10,"column":4},"end":{"line":39,"column":null}},"2":{"start":{"line":31,"column":28},"end":{"line":31,"column":null}},"3":{"start":{"line":33,"column":23},"end":{"line":36,"column":null}},"4":{"start":{"line":37,"column":8},"end":{"line":37,"column":null}}},"fnMap":{"0":{"name":"(anonymous_0)","decl":{"start":{"line":8,"column":56},"end":{"line":8,"column":63}},"loc":{"start":{"line":8,"column":74},"end":{"line":41,"column":null}},"line":8},"1":{"name":"(anonymous_1)","decl":{"start":{"line":29,"column":7},"end":{"line":29,"column":14}},"loc":{"start":{"line":29,"column":32},"end":{"line":39,"column":5}},"line":29}},"branchMap":{},"s":{"0":4,"1":4,"2":1,"3":1,"4":1},"f":{"0":4,"1":1},"b":{},"meta":{"lastBranch":0,"lastFunction":2,"lastStatement":5,"seen":{"s:8:56:41:Infinity":0,"f:8:56:8:63":0,"s:10:4:39:Infinity":1,"f:29:7:29:14":1,"s:31:28:31:Infinity":2,"s:33:23:36:Infinity":3,"s:37:8:37:Infinity":4}}}
,"/Users/isalu/faculdade/estudos/api-nodejs/src/routes/get-course-by-id.ts": {"path":"/Users/isalu/faculdade/estudos/api-nodejs/src/routes/get-course-by-id.ts","statementMap":{"0":{"start":{"line":9,"column":57},"end":{"line":58,"column":null}},"1":{"start":{"line":11,"column":4},"end":{"line":56,"column":null}},"2":{"start":{"line":35,"column":14},"end":{"line":35,"column":null}},"3":{"start":{"line":37,"column":25},"end":{"line":37,"column":null}},"4":{"start":{"line":39,"column":23},"end":{"line":42,"column":null}},"5":{"start":{"line":44,"column":8},"end":{"line":46,"column":null}},"6":{"start":{"line":45,"column":12},"end":{"line":45,"column":null}},"7":{"start":{"line":48,"column":8},"end":{"line":54,"column":null}}},"fnMap":{"0":{"name":"(anonymous_0)","decl":{"start":{"line":9,"column":57},"end":{"line":9,"column":64}},"loc":{"start":{"line":9,"column":75},"end":{"line":58,"column":null}},"line":9},"1":{"name":"(anonymous_1)","decl":{"start":{"line":34,"column":7},"end":{"line":34,"column":14}},"loc":{"start":{"line":34,"column":33},"end":{"line":56,"column":5}},"line":34}},"branchMap":{"0":{"loc":{"start":{"line":44,"column":8},"end":{"line":46,"column":null}},"type":"if","locations":[{"start":{"line":44,"column":8},"end":{"line":46,"column":null}},{"start":{},"end":{}}],"line":44},"1":{"loc":{"start":{"line":52,"column":29},"end":{"line":52,"column":null}},"type":"binary-expr","locations":[{"start":{"line":52,"column":29},"end":{"line":52,"column":54}},{"start":{"line":52,"column":54},"end":{"line":52,"column":null}}],"line":52}},"s":{"0":4,"1":4,"2":2,"3":2,"4":2,"5":2,"6":1,"7":1},"f":{"0":4,"1":2},"b":{"0":[1,1],"1":[1,1]},"meta":{"lastBranch":2,"lastFunction":2,"lastStatement":8,"seen":{"s:9:57:58:Infinity":0,"f:9:57:9:64":0,"s:11:4:56:Infinity":1,"f:34:7:34:14":1,"s:35:14:35:Infinity":2,"s:37:25:37:Infinity":3,"s:39:23:42:Infinity":4,"b:44:8:46:Infinity:undefined:undefined:undefined:undefined":0,"s:44:8:46:Infinity":5,"s:45:12:45:Infinity":6,"s:48:8:54:Infinity":7,"b:52:29:52:54:52:54:52:Infinity":1}}}
,"/Users/isalu/faculdade/estudos/api-nodejs/src/routes/get-courses.ts": {"path":"/Users/isalu/faculdade/estudos/api-nodejs/src/routes/get-courses.ts","statementMap":{"0":{"start":{"line":7,"column":54},"end":{"line":65,"column":null}},"1":{"start":{"line":9,"column":4},"end":{"line":63,"column":null}},"2":{"start":{"line":35,"column":42},"end":{"line":35,"column":null}},"3":{"start":{"line":37,"column":34},"end":{"line":37,"column":null}},"4":{"start":{"line":39,"column":8},"end":{"line":41,"column":null}},"5":{"start":{"line":40,"column":12},"end":{"line":40,"column":null}},"6":{"start":{"line":43,"column":32},"end":{"line":58,"column":null}},"7":{"start":{"line":62,"column":8},"end":{"line":62,"column":null}}},"fnMap":{"0":{"name":"(anonymous_0)","decl":{"start":{"line":7,"column":54},"end":{"line":7,"column":61}},"loc":{"start":{"line":7,"column":72},"end":{"line":65,"column":null}},"line":7},"1":{"name":"(anonymous_1)","decl":{"start":{"line":34,"column":7},"end":{"line":34,"column":14}},"loc":{"start":{"line":34,"column":33},"end":{"line":63,"column":5}},"line":34}},"branchMap":{"0":{"loc":{"start":{"line":39,"column":8},"end":{"line":41,"column":null}},"type":"if","locations":[{"start":{"line":39,"column":8},"end":{"line":41,"column":null}},{"start":{},"end":{}}],"line":39}},"s":{"0":4,"1":4,"2":1,"3":1,"4":1,"5":1,"6":1,"7":1},"f":{"0":4,"1":1},"b":{"0":[1,0]},"meta":{"lastBranch":1,"lastFunction":2,"lastStatement":8,"seen":{"s:7:54:65:Infinity":0,"f:7:54:7:61":0,"s:9:4:63:Infinity":1,"f:34:7:34:14":1,"s:35:42:35:Infinity":2,"s:37:34:37:Infinity":3,"b:39:8:41:Infinity:undefined:undefined:undefined:undefined":0,"s:39:8:41:Infinity":4,"s:40:12:40:Infinity":5,"s:43:32:58:Infinity":6,"s:62:8:62:Infinity":7}}}
,"/Users/isalu/faculdade/estudos/api-nodejs/src/routes/login.ts": {"path":"/Users/isalu/faculdade/estudos/api-nodejs/src/routes/login.ts","statementMap":{"0":{"start":{"line":9,"column":49},"end":{"line":62,"column":null}},"1":{"start":{"line":11,"column":4},"end":{"line":60,"column":null}},"2":{"start":{"line":31,"column":34},"end":{"line":31,"column":null}},"3":{"start":{"line":33,"column":23},"end":{"line":36,"column":null}},"4":{"start":{"line":38,"column":8},"end":{"line":40,"column":null}},"5":{"start":{"line":39,"column":12},"end":{"line":39,"column":null}},"6":{"start":{"line":42,"column":21},"end":{"line":42,"column":null}},"7":{"start":{"line":44,"column":35},"end":{"line":44,"column":null}},"8":{"start":{"line":46,"column":8},"end":{"line":48,"column":null}},"9":{"start":{"line":47,"column":12},"end":{"line":47,"column":null}},"10":{"start":{"line":50,"column":8},"end":{"line":52,"column":null}},"11":{"start":{"line":51,"column":12},"end":{"line":51,"column":null}},"12":{"start":{"line":54,"column":15},"end":{"line":57,"column":null}},"13":{"start":{"line":59,"column":8},"end":{"line":59,"column":null}}},"fnMap":{"0":{"name":"(anonymous_0)","decl":{"start":{"line":9,"column":49},"end":{"line":9,"column":56}},"loc":{"start":{"line":9,"column":67},"end":{"line":62,"column":null}},"line":9},"1":{"name":"(anonymous_1)","decl":{"start":{"line":29,"column":7},"end":{"line":29,"column":14}},"loc":{"start":{"line":29,"column":32},"end":{"line":60,"column":5}},"line":29}},"branchMap":{"0":{"loc":{"start":{"line":38,"column":8},"end":{"line":40,"column":null}},"type":"if","locations":[{"start":{"line":38,"column":8},"end":{"line":40,"column":null}},{"start":{},"end":{}}],"line":38},"1":{"loc":{"start":{"line":46,"column":8},"end":{"line":48,"column":null}},"type":"if","locations":[{"start":{"line":46,"column":8},"end":{"line":48,"column":null}},{"start":{},"end":{}}],"line":46},"2":{"loc":{"start":{"line":50,"column":8},"end":{"line":52,"column":null}},"type":"if","locations":[{"start":{"line":50,"column":8},"end":{"line":52,"column":null}},{"start":{},"end":{}}],"line":50}},"s":{"0":4,"1":4,"2":1,"3":1,"4":1,"5":0,"6":1,"7":1,"8":1,"9":0,"10":1,"11":0,"12":1,"13":1},"f":{"0":4,"1":1},"b":{"0":[0,1],"1":[0,1],"2":[0,1]},"meta":{"lastBranch":3,"lastFunction":2,"lastStatement":14,"seen":{"s:9:49:62:Infinity":0,"f:9:49:9:56":0,"s:11:4:60:Infinity":1,"f:29:7:29:14":1,"s:31:34:31:Infinity":2,"s:33:23:36:Infinity":3,"b:38:8:40:Infinity:undefined:undefined:undefined:undefined":0,"s:38:8:40:Infinity":4,"s:39:12:39:Infinity":5,"s:42:21:42:Infinity":6,"s:44:35:44:Infinity":7,"b:46:8:48:Infinity:undefined:undefined:undefined:undefined":1,"s:46:8:48:Infinity":8,"s:47:12:47:Infinity":9,"b:50:8:52:Infinity:undefined:undefined:undefined:undefined":2,"s:50:8:52:Infinity":10,"s:51:12:51:Infinity":11,"s:54:15:57:Infinity":12,"s:59:8:59:Infinity":13}}}
,"/Users/isalu/faculdade/estudos/api-nodejs/src/routes/hooks/check-request-jwt.ts": {"path":"/Users/isalu/faculdade/estudos/api-nodejs/src/routes/hooks/check-request-jwt.ts","statementMap":{"0":{"start":{"line":10,"column":18},"end":{"line":10,"column":null}},"1":{"start":{"line":12,"column":4},"end":{"line":14,"column":null}},"2":{"start":{"line":13,"column":8},"end":{"line":13,"column":null}},"3":{"start":{"line":16,"column":4},"end":{"line":18,"column":null}},"4":{"start":{"line":17,"column":8},"end":{"line":17,"column":null}},"5":{"start":{"line":20,"column":4},"end":{"line":26,"column":null}},"6":{"start":{"line":21,"column":24},"end":{"line":21,"column":null}},"7":{"start":{"line":23,"column":8},"end":{"line":23,"column":null}},"8":{"start":{"line":25,"column":8},"end":{"line":25,"column":null}}},"fnMap":{"0":{"name":"checkRequestJwt","decl":{"start":{"line":9,"column":22},"end":{"line":9,"column":38}},"loc":{"start":{"line":9,"column":84},"end":{"line":27,"column":null}},"line":9}},"branchMap":{"0":{"loc":{"start":{"line":12,"column":4},"end":{"line":14,"column":null}},"type":"if","locations":[{"start":{"line":12,"column":4},"end":{"line":14,"column":null}},{"start":{},"end":{}}],"line":12},"1":{"loc":{"start":{"line":16,"column":4},"end":{"line":18,"column":null}},"type":"if","locations":[{"start":{"line":16,"column":4},"end":{"line":18,"column":null}},{"start":{},"end":{}}],"line":16}},"s":{"0":3,"1":3,"2":0,"3":3,"4":0,"5":3,"6":3,"7":3,"8":0},"f":{"0":3},"b":{"0":[0,3],"1":[0,3]},"meta":{"lastBranch":2,"lastFunction":1,"lastStatement":9,"seen":{"f:9:22:9:38":0,"s:10:18:10:Infinity":0,"b:12:4:14:Infinity:undefined:undefined:undefined:undefined":0,"s:12:4:14:Infinity":1,"s:13:8:13:Infinity":2,"b:16:4:18:Infinity:undefined:undefined:undefined:undefined":1,"s:16:4:18:Infinity":3,"s:17:8:17:Infinity":4,"s:20:4:26:Infinity":5,"s:21:24:21:Infinity":6,"s:23:8:23:Infinity":7,"s:25:8:25:Infinity":8}}}
,"/Users/isalu/faculdade/estudos/api-nodejs/src/routes/hooks/check-user-role.ts": {"path":"/Users/isalu/faculdade/estudos/api-nodejs/src/routes/hooks/check-user-role.ts","statementMap":{"0":{"start":{"line":5,"column":4},"end":{"line":11,"column":null}},"1":{"start":{"line":6,"column":14},"end":{"line":6,"column":null}},"2":{"start":{"line":8,"column":8},"end":{"line":10,"column":null}},"3":{"start":{"line":9,"column":12},"end":{"line":9,"column":null}}},"fnMap":{"0":{"name":"checkUserRole","decl":{"start":{"line":4,"column":16},"end":{"line":4,"column":30}},"loc":{"start":{"line":4,"column":59},"end":{"line":12,"column":null}},"line":4},"1":{"name":"(anonymous_1)","decl":{"start":{"line":5,"column":11},"end":{"line":5,"column":27}},"loc":{"start":{"line":5,"column":72},"end":{"line":11,"column":null}},"line":5}},"branchMap":{"0":{"loc":{"start":{"line":8,"column":8},"end":{"line":10,"column":null}},"type":"if","locations":[{"start":{"line":8,"column":8},"end":{"line":10,"column":null}},{"start":{},"end":{}}],"line":8}},"s":{"0":4,"1":1,"2":1,"3":0},"f":{"0":4,"1":1},"b":{"0":[0,1]},"meta":{"lastBranch":1,"lastFunction":2,"lastStatement":4,"seen":{"f:4:16:4:30":0,"s:5:4:11:Infinity":0,"f:5:11:5:27":1,"s:6:14:6:Infinity":1,"b:8:8:10:Infinity:undefined:undefined:undefined:undefined":0,"s:8:8:10:Infinity":2,"s:9:12:9:Infinity":3}}}
,"/Users/isalu/faculdade/estudos/api-nodejs/src/tests/factories/make-course.ts": {"path":"/Users/isalu/faculdade/estudos/api-nodejs/src/tests/factories/make-course.ts","statementMap":{"0":{"start":{"line":7,"column":19},"end":{"line":9,"column":null}},"1":{"start":{"line":11,"column":4},"end":{"line":11,"column":null}}},"fnMap":{"0":{"name":"makeCourse","decl":{"start":{"line":6,"column":22},"end":{"line":6,"column":33}},"loc":{"start":{"line":6,"column":49},"end":{"line":12,"column":null}},"line":6}},"branchMap":{"0":{"loc":{"start":{"line":8,"column":15},"end":{"line":8,"column":null}},"type":"binary-expr","locations":[{"start":{"line":8,"column":15},"end":{"line":8,"column":24}},{"start":{"line":8,"column":24},"end":{"line":8,"column":null}}],"line":8}},"s":{"0":2,"1":2},"f":{"0":2},"b":{"0":[2,1]},"meta":{"lastBranch":1,"lastFunction":1,"lastStatement":2,"seen":{"f:6:22:6:33":0,"s:7:19:9:Infinity":0,"b:8:15:8:24:8:24:8:Infinity":0,"s:11:4:11:Infinity":1}}}
,"/Users/isalu/faculdade/estudos/api-nodejs/src/tests/factories/make-user.ts": {"path":"/Users/isalu/faculdade/estudos/api-nodejs/src/tests/factories/make-user.ts","statementMap":{"0":{"start":{"line":10,"column":10},"end":{"line":10,"column":null}},"1":{"start":{"line":12,"column":19},"end":{"line":17,"column":null}},"2":{"start":{"line":19,"column":4},"end":{"line":22,"column":null}},"3":{"start":{"line":26,"column":21},"end":{"line":26,"column":null}},"4":{"start":{"line":28,"column":4},"end":{"line":30,"column":null}},"5":{"start":{"line":29,"column":8},"end":{"line":29,"column":null}},"6":{"start":{"line":32,"column":18},"end":{"line":32,"column":null}},"7":{"start":{"line":34,"column":4},"end":{"line":34,"column":null}}},"fnMap":{"0":{"name":"makeUser","decl":{"start":{"line":9,"column":22},"end":{"line":9,"column":31}},"loc":{"start":{"line":9,"column":61},"end":{"line":23,"column":null}},"line":9},"1":{"name":"makeAuthenticatedUser","decl":{"start":{"line":25,"column":22},"end":{"line":25,"column":44}},"loc":{"start":{"line":25,"column":73},"end":{"line":36,"column":null}},"line":25}},"branchMap":{"0":{"loc":{"start":{"line":28,"column":4},"end":{"line":30,"column":null}},"type":"if","locations":[{"start":{"line":28,"column":4},"end":{"line":30,"column":null}},{"start":{},"end":{}}],"line":28}},"s":{"0":5,"1":5,"2":5,"3":4,"4":4,"5":0,"6":4,"7":4},"f":{"0":5,"1":4},"b":{"0":[0,4]},"meta":{"lastBranch":1,"lastFunction":2,"lastStatement":8,"seen":{"f:9:22:9:31":0,"s:10:10:10:Infinity":0,"s:12:19:17:Infinity":1,"s:19:4:22:Infinity":2,"f:25:22:25:44":1,"s:26:21:26:Infinity":3,"b:28:4:30:Infinity:undefined:undefined:undefined:undefined":0,"s:28:4:30:Infinity":4,"s:29:8:29:Infinity":5,"s:32:18:32:Infinity":6,"s:34:4:34:Infinity":7}}}
,"/Users/isalu/faculdade/estudos/api-nodejs/src/utils/get-authenticated-user-from-request.ts": {"path":"/Users/isalu/faculdade/estudos/api-nodejs/src/utils/get-authenticated-user-from-request.ts","statementMap":{"0":{"start":{"line":4,"column":17},"end":{"line":4,"column":null}},"1":{"start":{"line":6,"column":4},"end":{"line":8,"column":null}},"2":{"start":{"line":7,"column":8},"end":{"line":7,"column":null}},"3":{"start":{"line":10,"column":4},"end":{"line":10,"column":null}}},"fnMap":{"0":{"name":"getAuthenticatedUserFromRequest","decl":{"start":{"line":3,"column":16},"end":{"line":3,"column":48}},"loc":{"start":{"line":3,"column":73},"end":{"line":11,"column":null}},"line":3}},"branchMap":{"0":{"loc":{"start":{"line":6,"column":4},"end":{"line":8,"column":null}},"type":"if","locations":[{"start":{"line":6,"column":4},"end":{"line":8,"column":null}},{"start":{},"end":{}}],"line":6}},"s":{"0":3,"1":3,"2":0,"3":3},"f":{"0":3},"b":{"0":[0,3]},"meta":{"lastBranch":1,"lastFunction":1,"lastStatement":4,"seen":{"f:3:16:3:48":0,"s:4:17:4:Infinity":0,"b:6:4:8:Infinity:undefined:undefined:undefined:undefined":0,"s:6:4:8:Infinity":1,"s:7:8:7:Infinity":2,"s:10:4:10:Infinity":3}}}
}
