{"/Users/isalu/faculdade/estudos/api-nodejs/src/app.ts": {"path":"/Users/isalu/faculdade/estudos/api-nodejs/src/app.ts","statementMap":{"0":{"start":{"line":10,"column":6},"end":{"line":20,"column":null}},"1":{"start":{"line":22,"column":0},"end":{"line":38,"column":null}},"2":{"start":{"line":24,"column":4},"end":{"line":32,"column":null}},"3":{"start":{"line":34,"column":4},"end":{"line":36,"column":null}},"4":{"start":{"line":40,"column":0},"end":{"line":40,"column":null}},"5":{"start":{"line":41,"column":0},"end":{"line":41,"column":null}},"6":{"start":{"line":45,"column":0},"end":{"line":45,"column":null}},"7":{"start":{"line":46,"column":0},"end":{"line":46,"column":null}},"8":{"start":{"line":47,"column":0},"end":{"line":47,"column":null}}},"fnMap":{},"branchMap":{"0":{"loc":{"start":{"line":22,"column":0},"end":{"line":38,"column":null}},"type":"if","locations":[{"start":{"line":22,"column":0},"end":{"line":38,"column":null}},{"start":{},"end":{}}],"line":22}},"s":{"0":3,"1":3,"2":0,"3":0,"4":3,"5":3,"6":3,"7":3,"8":3},"f":{},"b":{"0":[0,3]},"meta":{"lastBranch":1,"lastFunction":0,"lastStatement":9,"seen":{"s:10:6:20:Infinity":0,"b:22:0:38:Infinity:undefined:undefined:undefined:undefined":0,"s:22:0:38:Infinity":1,"s:24:4:32:Infinity":2,"s:34:4:36:Infinity":3,"s:40:0:40:Infinity":4,"s:41:0:41:Infinity":5,"s:45:0:45:Infinity":6,"s:46:0:46:Infinity":7,"s:47:0:47:Infinity":8}}}
,"/Users/isalu/faculdade/estudos/api-nodejs/src/database/client.ts": {"path":"/Users/isalu/faculdade/estudos/api-nodejs/src/database/client.ts","statementMap":{"0":{"start":{"line":3,"column":13},"end":{"line":5,"column":null}}},"fnMap":{},"branchMap":{},"s":{"0":3},"f":{},"b":{},"meta":{"lastBranch":0,"lastFunction":0,"lastStatement":1,"seen":{"s:3:13:5:Infinity":0}}}
,"/Users/isalu/faculdade/estudos/api-nodejs/src/database/schema.ts": {"path":"/Users/isalu/faculdade/estudos/api-nodejs/src/database/schema.ts","statementMap":{"0":{"start":{"line":6,"column":13},"end":{"line":10,"column":null}},"1":{"start":{"line":12,"column":13},"end":{"line":16,"column":null}},"2":{"start":{"line":18,"column":13},"end":{"line":25,"column":null}},"3":{"start":{"line":20,"column":46},"end":{"line":20,"column":54}},"4":{"start":{"line":21,"column":48},"end":{"line":21,"column":58}},"5":{"start":{"line":23,"column":12},"end":{"line":25,"column":1}}},"fnMap":{"0":{"name":"(anonymous_0)","decl":{"start":{"line":20,"column":40},"end":{"line":20,"column":46}},"loc":{"start":{"line":20,"column":46},"end":{"line":20,"column":54}},"line":20},"1":{"name":"(anonymous_1)","decl":{"start":{"line":21,"column":42},"end":{"line":21,"column":48}},"loc":{"start":{"line":21,"column":48},"end":{"line":21,"column":58}},"line":21},"2":{"name":"(anonymous_2)","decl":{"start":{"line":23,"column":3},"end":{"line":23,"column":12}},"loc":{"start":{"line":23,"column":12},"end":{"line":25,"column":1}},"line":23}},"branchMap":{},"s":{"0":3,"1":3,"2":3,"3":0,"4":0,"5":0},"f":{"0":0,"1":0,"2":0},"b":{},"meta":{"lastBranch":0,"lastFunction":3,"lastStatement":6,"seen":{"s:6:13:10:Infinity":0,"s:12:13:16:Infinity":1,"s:18:13:25:Infinity":2,"f:20:40:20:46":0,"s:20:46:20:54":3,"f:21:42:21:48":1,"s:21:48:21:58":4,"f:23:3:23:12":2,"s:23:12:25:1":5}}}
,"/Users/isalu/faculdade/estudos/api-nodejs/src/routes/create-course.ts": {"path":"/Users/isalu/faculdade/estudos/api-nodejs/src/routes/create-course.ts","statementMap":{"0":{"start":{"line":6,"column":56},"end":{"line":35,"column":null}},"1":{"start":{"line":8,"column":4},"end":{"line":33,"column":null}},"2":{"start":{"line":25,"column":28},"end":{"line":25,"column":null}},"3":{"start":{"line":27,"column":23},"end":{"line":30,"column":null}},"4":{"start":{"line":31,"column":8},"end":{"line":31,"column":null}}},"fnMap":{"0":{"name":"(anonymous_0)","decl":{"start":{"line":6,"column":56},"end":{"line":6,"column":63}},"loc":{"start":{"line":6,"column":74},"end":{"line":35,"column":null}},"line":6},"1":{"name":"(anonymous_1)","decl":{"start":{"line":23,"column":7},"end":{"line":23,"column":14}},"loc":{"start":{"line":23,"column":32},"end":{"line":33,"column":5}},"line":23}},"branchMap":{},"s":{"0":3,"1":3,"2":1,"3":1,"4":1},"f":{"0":3,"1":1},"b":{},"meta":{"lastBranch":0,"lastFunction":2,"lastStatement":5,"seen":{"s:6:56:35:Infinity":0,"f:6:56:6:63":0,"s:8:4:33:Infinity":1,"f:23:7:23:14":1,"s:25:28:25:Infinity":2,"s:27:23:30:Infinity":3,"s:31:8:31:Infinity":4}}}
,"/Users/isalu/faculdade/estudos/api-nodejs/src/routes/get-course-by-id.ts": {"path":"/Users/isalu/faculdade/estudos/api-nodejs/src/routes/get-course-by-id.ts","statementMap":{"0":{"start":{"line":7,"column":57},"end":{"line":51,"column":null}},"1":{"start":{"line":9,"column":4},"end":{"line":49,"column":null}},"2":{"start":{"line":30,"column":25},"end":{"line":30,"column":null}},"3":{"start":{"line":32,"column":23},"end":{"line":35,"column":null}},"4":{"start":{"line":37,"column":8},"end":{"line":39,"column":null}},"5":{"start":{"line":38,"column":12},"end":{"line":38,"column":null}},"6":{"start":{"line":41,"column":8},"end":{"line":47,"column":null}}},"fnMap":{"0":{"name":"(anonymous_0)","decl":{"start":{"line":7,"column":57},"end":{"line":7,"column":64}},"loc":{"start":{"line":7,"column":75},"end":{"line":51,"column":null}},"line":7},"1":{"name":"(anonymous_1)","decl":{"start":{"line":29,"column":7},"end":{"line":29,"column":14}},"loc":{"start":{"line":29,"column":33},"end":{"line":49,"column":5}},"line":29}},"branchMap":{"0":{"loc":{"start":{"line":37,"column":8},"end":{"line":39,"column":null}},"type":"if","locations":[{"start":{"line":37,"column":8},"end":{"line":39,"column":null}},{"start":{},"end":{}}],"line":37},"1":{"loc":{"start":{"line":45,"column":29},"end":{"line":45,"column":null}},"type":"binary-expr","locations":[{"start":{"line":45,"column":29},"end":{"line":45,"column":54}},{"start":{"line":45,"column":54},"end":{"line":45,"column":null}}],"line":45}},"s":{"0":3,"1":3,"2":2,"3":2,"4":2,"5":1,"6":1},"f":{"0":3,"1":2},"b":{"0":[1,1],"1":[1,1]},"meta":{"lastBranch":2,"lastFunction":2,"lastStatement":7,"seen":{"s:7:57:51:Infinity":0,"f:7:57:7:64":0,"s:9:4:49:Infinity":1,"f:29:7:29:14":1,"s:30:25:30:Infinity":2,"s:32:23:35:Infinity":3,"b:37:8:39:Infinity:undefined:undefined:undefined:undefined":0,"s:37:8:39:Infinity":4,"s:38:12:38:Infinity":5,"s:41:8:47:Infinity":6,"b:45:29:45:54:45:54:45:Infinity":1}}}
,"/Users/isalu/faculdade/estudos/api-nodejs/src/routes/get-courses.ts": {"path":"/Users/isalu/faculdade/estudos/api-nodejs/src/routes/get-courses.ts","statementMap":{"0":{"start":{"line":7,"column":54},"end":{"line":62,"column":null}},"1":{"start":{"line":9,"column":4},"end":{"line":60,"column":null}},"2":{"start":{"line":32,"column":42},"end":{"line":32,"column":null}},"3":{"start":{"line":34,"column":34},"end":{"line":34,"column":null}},"4":{"start":{"line":36,"column":8},"end":{"line":38,"column":null}},"5":{"start":{"line":37,"column":12},"end":{"line":37,"column":null}},"6":{"start":{"line":40,"column":32},"end":{"line":55,"column":null}},"7":{"start":{"line":59,"column":8},"end":{"line":59,"column":null}}},"fnMap":{"0":{"name":"(anonymous_0)","decl":{"start":{"line":7,"column":54},"end":{"line":7,"column":61}},"loc":{"start":{"line":7,"column":72},"end":{"line":62,"column":null}},"line":7},"1":{"name":"(anonymous_1)","decl":{"start":{"line":31,"column":7},"end":{"line":31,"column":14}},"loc":{"start":{"line":31,"column":33},"end":{"line":60,"column":5}},"line":31}},"branchMap":{"0":{"loc":{"start":{"line":36,"column":8},"end":{"line":38,"column":null}},"type":"if","locations":[{"start":{"line":36,"column":8},"end":{"line":38,"column":null}},{"start":{},"end":{}}],"line":36}},"s":{"0":3,"1":3,"2":1,"3":1,"4":1,"5":1,"6":1,"7":1},"f":{"0":3,"1":1},"b":{"0":[1,0]},"meta":{"lastBranch":1,"lastFunction":2,"lastStatement":8,"seen":{"s:7:54:62:Infinity":0,"f:7:54:7:61":0,"s:9:4:60:Infinity":1,"f:31:7:31:14":1,"s:32:42:32:Infinity":2,"s:34:34:34:Infinity":3,"b:36:8:38:Infinity:undefined:undefined:undefined:undefined":0,"s:36:8:38:Infinity":4,"s:37:12:37:Infinity":5,"s:40:32:55:Infinity":6,"s:59:8:59:Infinity":7}}}
,"/Users/isalu/faculdade/estudos/api-nodejs/src/tests/factories/make-course.ts": {"path":"/Users/isalu/faculdade/estudos/api-nodejs/src/tests/factories/make-course.ts","statementMap":{"0":{"start":{"line":7,"column":19},"end":{"line":9,"column":null}},"1":{"start":{"line":11,"column":4},"end":{"line":11,"column":null}}},"fnMap":{"0":{"name":"MakeCourse","decl":{"start":{"line":6,"column":22},"end":{"line":6,"column":33}},"loc":{"start":{"line":6,"column":49},"end":{"line":12,"column":null}},"line":6}},"branchMap":{"0":{"loc":{"start":{"line":8,"column":15},"end":{"line":8,"column":null}},"type":"binary-expr","locations":[{"start":{"line":8,"column":15},"end":{"line":8,"column":24}},{"start":{"line":8,"column":24},"end":{"line":8,"column":null}}],"line":8}},"s":{"0":2,"1":2},"f":{"0":2},"b":{"0":[2,1]},"meta":{"lastBranch":1,"lastFunction":1,"lastStatement":2,"seen":{"f:6:22:6:33":0,"s:7:19:9:Infinity":0,"b:8:15:8:24:8:24:8:Infinity":0,"s:11:4:11:Infinity":1}}}
}
